<?xml version="1.0" encoding="UTF-8"?>
<!-- Generated by org.testng.reporters.JUnitReportReporter -->
<testsuite hostname="TrangLe-PC" name="tsc.selenium.tsc.selenium.AppTest" tests="1" failures="0" timestamp="20 Feb 2016 15:44:58 GMT" time="0.030" errors="0">
  <testcase name="exampleOfTestNgMaven" time="0.030" classname="tsc.selenium.tsc.selenium.AppTest"/>
</testsuite> <!-- tsc.selenium.tsc.selenium.AppTest -->
